build/app/intermediates/manifest_merge_blame_file/debug/manifest-merger-blame-debug-report.txt
1<?xml version="1.0" encoding="utf-8"?>
2<manifest xmlns:android="http://schemas.android.com/apk/res/android"
3    package="com.example.bookworm"
4    android:versionCode="1"
5    android:versionName="1.0.0" >
6
7    <uses-sdk
8        android:minSdkVersion="16"
9        android:targetSdkVersion="29" />
10    <!--
11         Flutter needs it to communicate with the running application
12         to allow setting breakpoints, to provide hot reload, etc.
13    -->
14    <uses-permission android:name="android.permission.INTERNET" />
14-->src\debug\AndroidManifest.xml:6:5-66
14-->src\debug\AndroidManifest.xml:6:22-64
15    <uses-permission android:name="android.permission.READ_EXTERNAL_STORAGE" />
15-->[:file_picker] AndroidManifest.xml:7:5-80
15-->[:file_picker] AndroidManifest.xml:7:22-77
16
17    <queries>
17-->[:file_picker] AndroidManifest.xml:9:5-15:15
18        <intent>
18-->[:file_picker] AndroidManifest.xml:10:9-14:18
19            <action android:name="android.intent.action.GET_CONTENT" />
19-->[:file_picker] AndroidManifest.xml:11:13-72
19-->[:file_picker] AndroidManifest.xml:11:21-69
20
21            <data android:mimeType="*/*" />
21-->[:file_picker] AndroidManifest.xml:13:13-44
21-->[:file_picker] AndroidManifest.xml:13:19-41
22        </intent>
23    </queries>
24
25    <uses-permission android:name="android.permission.WRITE_EXTERNAL_STORAGE" />
25-->[:flutter_filereader] AndroidManifest.xml:7:5-81
25-->[:flutter_filereader] AndroidManifest.xml:7:22-78
26    <uses-permission android:name="android.permission.ACCESS_NETWORK_STATE" />
26-->[:flutter_filereader] AndroidManifest.xml:8:5-79
26-->[:flutter_filereader] AndroidManifest.xml:8:22-76
27    <uses-permission android:name="android.permission.ACCESS_WIFI_STATE" />
27-->[:flutter_filereader] AndroidManifest.xml:9:5-76
27-->[:flutter_filereader] AndroidManifest.xml:9:22-73
28    <uses-permission android:name="android.permission.READ_PHONE_STATE" />
28-->[:flutter_filereader] AndroidManifest.xml:11:5-75
28-->[:flutter_filereader] AndroidManifest.xml:11:22-72
29    <uses-permission android:name="android.permission.WAKE_LOCK" />
29-->[:flutter_filereader] AndroidManifest.xml:12:5-68
29-->[:flutter_filereader] AndroidManifest.xml:12:22-65
30
31    <application
31-->src\main\AndroidManifest.xml:3:4-40:19
32        android:appComponentFactory="androidx.core.app.CoreComponentFactory"
32-->[androidx.core:core:1.1.0] AndroidManifest.xml:24:18-86
33        android:debuggable="true"
34        android:hardwareAccelerated="true"
34-->[:flutter_filereader] AndroidManifest.xml:15:9-43
35        android:icon="@mipmap/ic_launcher"
35-->src\main\AndroidManifest.xml:5:9-43
36        android:label="BookWorm"
36-->src\main\AndroidManifest.xml:4:9-33
37        android:networkSecurityConfig="@xml/android_q_net_security_config" >
37-->[:flutter_filereader] AndroidManifest.xml:16:9-75
38        <activity
38-->src\main\AndroidManifest.xml:6:9-34:20
39            android:name="com.example.bookworm.MainActivity"
39-->src\main\AndroidManifest.xml:7:13-41
40            android:configChanges="orientation|keyboardHidden|keyboard|screenSize|smallestScreenSize|locale|layoutDirection|fontScale|screenLayout|density|uiMode"
40-->src\main\AndroidManifest.xml:10:13-163
41            android:hardwareAccelerated="true"
41-->src\main\AndroidManifest.xml:11:13-47
42            android:launchMode="singleTop"
42-->src\main\AndroidManifest.xml:8:13-43
43            android:theme="@style/LaunchTheme"
43-->src\main\AndroidManifest.xml:9:13-47
44            android:windowSoftInputMode="adjustResize" >
44-->src\main\AndroidManifest.xml:12:13-55
45
46            <!--
47                 Specifies an Android theme to apply to this Activity as soon as
48                 the Android process has started. This theme is visible to the user
49                 while the Flutter UI initializes. After that, this theme continues
50                 to determine the Window background behind the Flutter UI.
51            -->
52            <meta-data
52-->src\main\AndroidManifest.xml:17:13-20:17
53                android:name="io.flutter.embedding.android.NormalTheme"
53-->src\main\AndroidManifest.xml:18:15-70
54                android:resource="@style/NormalTheme" />
54-->src\main\AndroidManifest.xml:19:15-52
55            <!--
56                 Displays an Android View that continues showing the launch screen
57                 Drawable until Flutter paints its first frame, then this splash
58                 screen fades out. A splash screen is useful to avoid any visual
59                 gap between the end of Android's launch screen and the painting of
60                 Flutter's first frame.
61            -->
62            <meta-data
62-->src\main\AndroidManifest.xml:26:13-29:17
63                android:name="io.flutter.embedding.android.SplashScreenDrawable"
63-->src\main\AndroidManifest.xml:27:15-79
64                android:resource="@drawable/launch_background" />
64-->src\main\AndroidManifest.xml:28:15-61
65
66            <intent-filter>
66-->src\main\AndroidManifest.xml:30:13-33:29
67                <action android:name="android.intent.action.MAIN" />
67-->src\main\AndroidManifest.xml:31:17-68
67-->src\main\AndroidManifest.xml:31:25-66
68
69                <category android:name="android.intent.category.LAUNCHER" />
69-->src\main\AndroidManifest.xml:32:17-76
69-->src\main\AndroidManifest.xml:32:27-74
70            </intent-filter>
71        </activity>
72        <!--
73             Don't delete the meta-data below.
74             This is used by the Flutter tool to generate GeneratedPluginRegistrant.java
75        -->
76        <meta-data
76-->src\main\AndroidManifest.xml:37:9-39:33
77            android:name="flutterEmbedding"
77-->src\main\AndroidManifest.xml:38:13-44
78            android:value="2" />
78-->src\main\AndroidManifest.xml:39:13-30
79
80        <activity
80-->[:url_launcher] AndroidManifest.xml:8:9-11:74
81            android:name="io.flutter.plugins.urllauncher.WebViewActivity"
81-->[:url_launcher] AndroidManifest.xml:9:13-74
82            android:exported="false"
82-->[:url_launcher] AndroidManifest.xml:10:13-37
83            android:theme="@android:style/Theme.NoTitleBar.Fullscreen" /> <!-- 在AndroidManifest.xml中增加内核首次加载时优化Service声明；    该Service仅在TBS内核首次Dex加载时触发并执行dex2oat任务，任务完成后自动结束。 -->
83-->[:url_launcher] AndroidManifest.xml:11:13-71
84        <service
84-->[:flutter_filereader] AndroidManifest.xml:19:9-22:41
85            android:name="com.tencent.smtt.export.external.DexClassLoaderProviderService"
85-->[:flutter_filereader] AndroidManifest.xml:20:13-90
86            android:label="dexopt"
86-->[:flutter_filereader] AndroidManifest.xml:21:13-35
87            android:process=":dexopt" />
87-->[:flutter_filereader] AndroidManifest.xml:22:13-38
88    </application>
89
90</manifest>